Compiling the C compiler identification source file "CMakeCCompilerId.c" failed.
Compiler: /usr/bin/cc 
Build flags: 
Id flags: 

The output was:
1
/usr/bin/ld: final link failed: Operation not supported
clang: error: linker command failed with exit code 1 (use -v to see invocation)


Compiling the CXX compiler identification source file "CMakeCXXCompilerId.cpp" failed.
Compiler: /usr/bin/c++ 
Build flags: 
Id flags: 

The output was:
1
/usr/bin/ld: final link failed: Operation not supported
clang: error: linker command failed with exit code 1 (use -v to see invocation)


Determining if the C compiler works failed with the following output:
Change Dir: /run/user/1000/gvfs/sftp:host=10.7.100.91,user=pi/home/pi/opencv/tests/cmake-build-debug/CMakeFiles/CMakeTmp

Run Build Command:"/usr/bin/make" "cmTC_e39df/fast"
/usr/bin/make -f CMakeFiles/cmTC_e39df.dir/build.make CMakeFiles/cmTC_e39df.dir/build
make[1]: Entering directory '/run/user/1000/gvfs/sftp:host=10.7.100.91,user=pi/home/pi/opencv/tests/cmake-build-debug/CMakeFiles/CMakeTmp'
Building C object CMakeFiles/cmTC_e39df.dir/testCCompiler.c.o
/usr/bin/cc     -o CMakeFiles/cmTC_e39df.dir/testCCompiler.c.o   -c /run/user/1000/gvfs/sftp:host=10.7.100.91,user=pi/home/pi/opencv/tests/cmake-build-debug/CMakeFiles/CMakeTmp/testCCompiler.c
Linking C executable cmTC_e39df
/home/lil-g/.local/share/JetBrains/Toolbox/apps/CLion/ch-0/171.2613.3/bin/cmake/bin/cmake -E cmake_link_script CMakeFiles/cmTC_e39df.dir/link.txt --verbose=1
/usr/bin/cc       CMakeFiles/cmTC_e39df.dir/testCCompiler.c.o  -o cmTC_e39df 
/usr/bin/ld: final link failed: Operation not supported
clang: error: linker command failed with exit code 1 (use -v to see invocation)
CMakeFiles/cmTC_e39df.dir/build.make:97: recipe for target 'cmTC_e39df' failed
make[1]: *** [cmTC_e39df] Error 1
make[1]: Leaving directory '/run/user/1000/gvfs/sftp:host=10.7.100.91,user=pi/home/pi/opencv/tests/cmake-build-debug/CMakeFiles/CMakeTmp'
Makefile:126: recipe for target 'cmTC_e39df/fast' failed
make: *** [cmTC_e39df/fast] Error 2


Compiling the C compiler identification source file "CMakeCCompilerId.c" failed.
Compiler: /usr/bin/cc 
Build flags: 
Id flags: 

The output was:
1
/usr/bin/ld: final link failed: Operation not supported
clang: error: linker command failed with exit code 1 (use -v to see invocation)


Compiling the CXX compiler identification source file "CMakeCXXCompilerId.cpp" failed.
Compiler: /usr/bin/c++ 
Build flags: 
Id flags: 

The output was:
1
/usr/bin/ld: final link failed: Operation not supported
clang: error: linker command failed with exit code 1 (use -v to see invocation)


Determining if the C compiler works failed with the following output:
Change Dir: /run/user/1000/gvfs/sftp:host=10.7.100.91,user=pi/home/pi/opencv/tests/cmake-build-debug/CMakeFiles/CMakeTmp

Run Build Command:"/usr/bin/make" "cmTC_6ce43/fast"
/usr/bin/make -f CMakeFiles/cmTC_6ce43.dir/build.make CMakeFiles/cmTC_6ce43.dir/build
make[1]: Entering directory '/run/user/1000/gvfs/sftp:host=10.7.100.91,user=pi/home/pi/opencv/tests/cmake-build-debug/CMakeFiles/CMakeTmp'
Building C object CMakeFiles/cmTC_6ce43.dir/testCCompiler.c.o
/usr/bin/cc     -o CMakeFiles/cmTC_6ce43.dir/testCCompiler.c.o   -c /run/user/1000/gvfs/sftp:host=10.7.100.91,user=pi/home/pi/opencv/tests/cmake-build-debug/CMakeFiles/CMakeTmp/testCCompiler.c
Linking C executable cmTC_6ce43
/home/lil-g/.local/share/JetBrains/Toolbox/apps/CLion/ch-0/171.2613.3/bin/cmake/bin/cmake -E cmake_link_script CMakeFiles/cmTC_6ce43.dir/link.txt --verbose=1
/usr/bin/cc       CMakeFiles/cmTC_6ce43.dir/testCCompiler.c.o  -o cmTC_6ce43 
/usr/bin/ld: final link failed: Operation not supported
clang: error: linker command failed with exit code 1 (use -v to see invocation)
CMakeFiles/cmTC_6ce43.dir/build.make:97: recipe for target 'cmTC_6ce43' failed
make[1]: *** [cmTC_6ce43] Error 1
make[1]: Leaving directory '/run/user/1000/gvfs/sftp:host=10.7.100.91,user=pi/home/pi/opencv/tests/cmake-build-debug/CMakeFiles/CMakeTmp'
Makefile:126: recipe for target 'cmTC_6ce43/fast' failed
make: *** [cmTC_6ce43/fast] Error 2


